<?xml version="1.0" encoding="UTF-8"?>
<testng-results ignored="0" total="1" passed="1" failed="0" skipped="0">
  <reporter-output>
    <line>
      <![CDATA[Login Page is Displayed, PASS]]>
    </line>
  </reporter-output>
  <suite started-at="2022-04-10T12:21:44 IST" name="Default suite" finished-at="2022-04-10T12:22:02 IST" duration-ms="17295">
    <groups>
    </groups>
    <test started-at="2022-04-10T12:21:44 IST" name="Default test" finished-at="2022-04-10T12:22:02 IST" duration-ms="17295">
      <class name="facebook.Login.ValidLoginTest">
        <test-method is-config="true" signature="openBrowser()[pri:0, instance:facebook.Login.ValidLoginTest@6e4784bc]" started-at="2022-04-10T12:21:44 IST" name="openBrowser" finished-at="2022-04-10T12:22:00 IST" duration-ms="15271" status="PASS">
          <reporter-output>
            <line>
              <![CDATA[Login Page is Displayed, PASS]]>
            </line>
          </reporter-output>
        </test-method> <!-- openBrowser -->
        <test-method signature="loginToApp()[pri:0, instance:facebook.Login.ValidLoginTest@6e4784bc]" started-at="2022-04-10T12:22:00 IST" name="loginToApp" finished-at="2022-04-10T12:22:02 IST" duration-ms="1934" status="PASS">
          <reporter-output>
          </reporter-output>
        </test-method> <!-- loginToApp -->
      </class> <!-- facebook.Login.ValidLoginTest -->
    </test> <!-- Default test -->
  </suite> <!-- Default suite -->
</testng-results>
